**********************************************************
OPT++ version 2.4
Job run at Tue Nov  9 14:49:42 2010

**********************************************************


=========  Initial state  ===========


   i	    xc 		 grad 		 fcn_accrcy 
     1       2.036	       813.2	    2.22e-16
     2     0.08676	       90.33	    2.22e-16
     3       2.484	       832.4	    2.22e-16
     4      0.1644	       63.73	    2.22e-16
     5       3.094	         850	    2.22e-16
     6      0.2634	       30.19	    2.22e-16
     7       3.755	       865.6	    2.22e-16
     8      0.3645	      -11.16	    2.22e-16
     9       4.401	       877.8	    2.22e-16
    10      0.4564	      -59.63	    2.22e-16
    11       4.995	       885.4	    2.22e-16
    12      0.5254	      -113.2	    2.22e-16
    13       5.509	       887.1	    2.22e-16
    14      0.5579	      -168.9	    2.22e-16
    15       5.917	       881.7	    2.22e-16
    16      0.5425	      -222.5	    2.22e-16
    17       6.195	       868.5	    2.22e-16
    18       0.471	      -270.2	    2.22e-16
    19       6.326	       847.3	    2.22e-16
    20      0.3397	      -308.1	    2.22e-16
    21       6.296	         819	    2.22e-16
    22      0.1505	      -334.2	    2.22e-16
    23       6.102	       785.3	    2.22e-16
    24    -0.08875	      -347.9	    2.22e-16
    25       5.749	       748.1	    2.22e-16
    26     -0.3658	      -350.6	    2.22e-16
    27       5.256	       709.7	    2.22e-16
    28     -0.6672	      -344.9	    2.22e-16
    29       4.654	       672.1	    2.22e-16
    30     -0.9791	      -334.4	    2.22e-16
    31       3.946	       636.5	    2.22e-16
    32      -1.274	      -322.2	    2.22e-16
    33       3.119	         602	    2.22e-16
    34      -1.519	      -310.5	    2.22e-16
    35       2.272	       570.4	    2.22e-16
    36       -1.74	        -302	    2.22e-16
    37       1.389	         540	    2.22e-16
    38      -1.906	      -296.8	    2.22e-16
    39      0.4684	       509.6	    2.22e-16
    40          -2	      -294.5	    2.22e-16
    41     -0.4667	       478.4	    2.22e-16
    42      -2.025	      -294.5	    2.22e-16
    43      -1.398	       445.6	    2.22e-16
    44      -1.983	      -295.4	    2.22e-16
    45      -2.314	       410.5	    2.22e-16
    46      -1.876	      -295.1	    2.22e-16
    47        -3.2	       372.9	    2.22e-16
    48      -1.712	      -291.7	    2.22e-16
    49       -4.04	         333	    2.22e-16
    50        -1.5	      -283.1	    2.22e-16
    51      -4.814	       291.5	    2.22e-16
    52      -1.255	      -267.5	    2.22e-16
    53      -5.498	       249.6	    2.22e-16
    54     -0.9944	      -243.6	    2.22e-16
    55      -6.069	       208.8	    2.22e-16
    56     -0.7379	      -210.9	    2.22e-16
    57      -6.507	       170.8	    2.22e-16
    58     -0.5064	      -170.3	    2.22e-16
    59        -6.8	         137	    2.22e-16
    60     -0.3182	      -123.6	    2.22e-16
    61       -6.93	         109	    2.22e-16
    62     -0.1857	      -73.71	    2.22e-16
    63      -6.892	       88.91	    2.22e-16
    64     -0.1166	      -24.11	    2.22e-16
    65     0.06642	        3279	    2.22e-16

Function Value     =    1.394e+05
Norm of gradient   =         5070
Derivative Option  = 0


		Quasi-Newton Method with Trust Regions
		 Initial Trust Region =          507

  Iter      F(x)       ||grad||     ||step||      f/g

    0    1.394e+05         5070
    1    1.394e+05         4005      0.00693  C   135     2
    2    1.393e+05         3810      0.01386  C   201     3
    3    1.392e+05         3971      0.02772  C   267     4
    4    1.392e+05    1.088e+04      0.05544  C   333     5
    5    1.388e+05         3514       0.1109  D   399     6
    6    1.385e+05         5211       0.2218  D   465     7
    7    1.382e+05        566.1       0.4435  D   531     8
    8    1.382e+05        695.4       0.3758  N   597     9
    9    1.382e+05        319.8       0.1776  N   663    10
   10    1.382e+05        52.56      0.08004  N   729    11
   11    1.382e+05        47.91      0.03847  N   795    12
   12    1.382e+05        27.75       0.1148  N   861    13
   13    1.382e+05        11.56      0.02486  N   927    14
   14    1.382e+05        36.87      0.09354  N   993    15
   15    1.382e+05        70.37       0.1912  N  1059    16
   16    1.382e+05        64.72       0.4355  N  1125    17
   17    1.382e+05         32.6       0.5543  N  1191    18
   18    1.382e+05        108.1       0.1293  N  1257    19
   19    1.382e+05         35.7       0.0381  N  1323    20
   20    1.382e+05        10.74      0.05748  N  1389    21
checkConvg: deltaf =      0.04825  ftol =        1e-06


=========  Solution from newton  ===========

Optimization method       = Quasi-Newton
Dimension of the problem  = 65
Return code               = 2 (Function tolerance test passed)
No. iterations taken      = 20
No. function evaluations  = 1389
No. gradient evaluations  = 21


==========  Tolerances  ===========

Machine Epsilon      = 2.22045e-16
Maximum Step         = 1
Minimum Step         = 1.49012e-08
Maximum Iter         = 1000
Maximum Backtracks   = 5
Maximum Fcn Eval     = 2000000
Step Tolerance       = 1.49012e-08
Function Tolerance   = 1e-06
Constraint Tolerance = 1.49012e-08
Gradient Tolerance   = 6.05545e-06
LineSearch Tolerance = 0.0001


=========  Solution from newton  ===========


   i	    xc 		 grad 		 fcn_accrcy 
     1        1.93	      0.1234	    2.22e-16
     2      0.1166	      0.5605	    2.22e-16
     3       2.427	      0.5562	    2.22e-16
     4      0.1516	      0.3359	    2.22e-16
     5       3.058	      0.4701	    2.22e-16
     6      0.2099	      0.3418	    2.22e-16
     7       3.706	      0.2029	    2.22e-16
     8      0.2651	       0.291	    2.22e-16
     9       4.331	     0.07711	    2.22e-16
    10      0.3018	      0.1504	    2.22e-16
    11         4.9	   -0.004783	    2.22e-16
    12      0.3124	    -0.02344	    2.22e-16
    13       5.385	    -0.06891	    2.22e-16
    14      0.2909	     -0.2363	    2.22e-16
    15       5.764	    -0.09455	    2.22e-16
    16       0.236	     -0.4258	    2.22e-16
    17       6.017	    -0.07369	    2.22e-16
    18      0.1477	     -0.5684	    2.22e-16
    19       6.129	   -0.004143	    2.22e-16
    20     0.02715	     -0.6367	    2.22e-16
    21       6.091	      0.1007	    2.22e-16
    22     -0.1231	     -0.6113	    2.22e-16
    23       5.902	      0.2307	    2.22e-16
    24     -0.3009	     -0.5195	    2.22e-16
    25       5.571	      0.4726	    2.22e-16
    26     -0.5025	     -0.3984	    2.22e-16
    27       5.105	      0.8589	    2.22e-16
    28     -0.7196	     -0.3145	    2.22e-16
    29       4.496	      0.8597	    2.22e-16
    30     -0.9348	    -0.09961	    2.22e-16
    31       3.778	      0.5081	    2.22e-16
    32      -1.145	      0.1877	    2.22e-16
    33       3.035	       1.662	    2.22e-16
    34      -1.364	     -0.3222	    2.22e-16
    35       2.163	       1.244	    2.22e-16
    36      -1.517	    -0.05022	    2.22e-16
    37       1.242	       1.033	    2.22e-16
    38      -1.627	    -0.02522	    2.22e-16
    39      0.3086	       1.127	    2.22e-16
    40      -1.691	     -0.1998	    2.22e-16
    41     -0.6388	       1.031	    2.22e-16
    42      -1.692	     -0.2874	    2.22e-16
    43      -1.582	      0.8706	    2.22e-16
    44      -1.627	     -0.3084	    2.22e-16
    45      -2.498	      0.6739	    2.22e-16
    46      -1.506	     -0.3165	    2.22e-16
    47      -3.365	      0.4887	    2.22e-16
    48      -1.337	     -0.2966	    2.22e-16
    49      -4.161	      0.3272	    2.22e-16
    50      -1.135	     -0.2582	    2.22e-16
    51      -4.865	      0.1706	    2.22e-16
    52     -0.9169	      -0.209	    2.22e-16
    53      -5.456	     0.02577	    2.22e-16
    54     -0.6995	     -0.1621	    2.22e-16
    55      -5.918	     -0.1571	    2.22e-16
    56     -0.4993	     -0.1367	    2.22e-16
    57       -6.23	     -0.3812	    2.22e-16
    58     -0.3277	     -0.1191	    2.22e-16
    59      -6.373	     -0.3208	    2.22e-16
    60     -0.1938	     -0.0918	    2.22e-16
    61      -6.371	       0.176	    2.22e-16
    62     -0.1038	     -0.1094	    2.22e-16
    63      -6.343	     -0.6164	    2.22e-16
    64    -0.05434	   -0.005859	    2.22e-16
    65      0.1469	       9.979	    2.22e-16

Function Value     =    1.382e+05
Norm of gradient   =        10.74
Derivative Option  = 0

